
> @openzoo/desktop-tauri@0.1.0 build D:\opensource_project\opencode-main\opencode-main\tech plugins\multica-main\openzoo\apps\desktop-tauri
> vite build

[36mvite v8.0.8 [32mbuilding client environment for production...[36m[39m
[2Ktransforming...✓ 2099 modules transformed.
rendering chunks...
computing gzip size...
dist/index.html                      0.48 kB │ gzip:   0.29 kB
dist/assets/index-DUxbmbor.css      59.66 kB │ gzip:  10.63 kB
dist/assets/queries-B__SQKkl.js      0.07 kB │ gzip:   0.08 kB
dist/assets/queries-R8QtLjI2.js      1.90 kB │ gzip:   0.82 kB
dist/assets/index-D6-RaHUe.js    1,218.09 kB │ gzip: 374.17 kB

[33m[plugin builtin:vite-reporter] 
(!) Some chunks are larger than 500 kB after minification. Consider:
- Using dynamic import() to code-split the application
- Use build.rolldownOptions.output.codeSplitting to improve chunking: https://rolldown.rs/reference/OutputOptions.codeSplitting
- Adjust chunk size limit for this warning via build.chunkSizeWarningLimit.[39m
[33m[33m[INEFFECTIVE_DYNAMIC_IMPORT] Warning:[0m ../../packages/core/src/index.ts is dynamically imported by ../../packages/views/src/chat/chat-page.tsx but also statically imported by src/main.tsx, ../../packages/views/src/agents/agents-page.tsx, ../../packages/views/src/auth/callback-page.tsx, ../../packages/views/src/auth/login-page.tsx, ../../packages/views/src/chat/chat-page.tsx, ..., dynamic import will not move module into another chunk.
[39m
[33m[33m[PLUGIN_TIMINGS] Warning:[0m Your build spent significant time in plugins. Here is a breakdown:
  - rolldown:vite-resolve (81%)
  - @tailwindcss/vite:generate:build (11%)
See https://rolldown.rs/options/checks#plugintimings for more details.
[39m
[32m✓ built in 19.66s[39m
