
> @openzoo/core@0.1.0 build D:\opensource_project\opencode-main\opencode-main\tech plugins\multica-main\openzoo\packages\core
> tsup

[34mCLI[39m Building entry: {"index":"src/index.ts","types/index":"src/types/index.ts"}
[34mCLI[39m Using tsconfig: tsconfig.json
[34mCLI[39m tsup v8.5.1
[34mCLI[39m Using tsup config: D:\opensource_project\opencode-main\opencode-main\tech plugins\multica-main\openzoo\packages\core\tsup.config.ts
[34mCLI[39m Target: es2022
[34mCLI[39m Cleaning output folder
[34mESM[39m Build start
[34mCJS[39m Build start
Generated an empty chunk: "index".
[32mCJS[39m [1mdist\index.cjs           [22m[32m72.84 KB[39m
[32mCJS[39m [1mdist\types\index.cjs     [22m[32m84.00 B[39m
[32mCJS[39m [1mdist\index.cjs.map       [22m[32m165.80 KB[39m
[32mCJS[39m [1mdist\types\index.cjs.map [22m[32m70.00 B[39m
[32mCJS[39m ⚡️ Build success in 5300ms
Generated an empty chunk: "index".
[32mESM[39m [1mdist\types\index.js     [22m[32m68.00 B[39m
[32mESM[39m [1mdist\index.js           [22m[32m67.20 KB[39m
[32mESM[39m [1mdist\types\index.js.map [22m[32m69.00 B[39m
[32mESM[39m [1mdist\index.js.map       [22m[32m165.62 KB[39m
[32mESM[39m ⚡️ Build success in 7507ms
[34mDTS[39m Build start
[32mDTS[39m ⚡️ Build success in 17142ms
[32mDTS[39m [1mdist\index.d.ts        [22m[32m32.42 KB[39m
[32mDTS[39m [1mdist\types\index.d.ts  [22m[32m18.71 KB[39m
[32mDTS[39m [1mdist\index.d.cts       [22m[32m32.42 KB[39m
[32mDTS[39m [1mdist\types\index.d.cts [22m[32m18.71 KB[39m
