
> @openzoo/web@0.1.0 build D:\opensource_project\opencode-main\opencode-main\tech plugins\multica-main\openzoo\apps\web-vite
> vite build

[36mvite v8.0.8 [32mbuilding client environment for production...[36m[39m
[2Ktransforming...✓ 2090 modules transformed.
rendering chunks...
computing gzip size...
dist/index.html                      1.63 kB │ gzip:   0.64 kB
dist/assets/index-BCI8gjww.css      61.16 kB │ gzip:  10.79 kB
dist/assets/queries-BCWru6Rj.js      0.07 kB │ gzip:   0.08 kB
dist/assets/queries-D-dgHjBt.js      1.93 kB │ gzip:   0.83 kB
dist/assets/index-Dxh1m5y-.js    1,222.45 kB │ gzip: 372.25 kB

[33m[plugin builtin:vite-reporter] 
(!) Some chunks are larger than 500 kB after minification. Consider:
- Using dynamic import() to code-split the application
- Use build.rolldownOptions.output.codeSplitting to improve chunking: https://rolldown.rs/reference/OutputOptions.codeSplitting
- Adjust chunk size limit for this warning via build.chunkSizeWarningLimit.[39m
[33m[33m[INEFFECTIVE_DYNAMIC_IMPORT] Warning:[0m ../../packages/core/src/index.ts is dynamically imported by ../../packages/views/src/chat/chat-page.tsx but also statically imported by src/main.tsx, ../../packages/views/src/agents/agents-page.tsx, ../../packages/views/src/auth/callback-page.tsx, ../../packages/views/src/auth/login-page.tsx, ../../packages/views/src/chat/chat-page.tsx, ..., dynamic import will not move module into another chunk.
[39m
[33m[33m[PLUGIN_TIMINGS] Warning:[0m Your build spent significant time in plugins. Here is a breakdown:
  - rolldown:vite-resolve (80%)
  - @tailwindcss/vite:generate:build (11%)
See https://rolldown.rs/options/checks#plugintimings for more details.
[39m
[32m✓ built in 19.69s[39m
